Fri Sep 24 21:53:10 BST 2021 : Apache Derby Network Server - 10.11.1.2 - (1629631) started and ready to accept connections on port 1527
----------------------------------------------------------------
Fri Sep 24 21:53:10 BST 2021:
Booting Derby version The Apache Software Foundation - Apache Derby - 10.11.1.2 - (1629631): instance a816c00e-017c-1995-56af-00003bec569f 
on database directory C:\Users\kimia\Documents\NetBeansProjects\StadiumBookingSystem\SBSDatabaseFiles\SBSDatabase with class loader sun.misc.Launcher$AppClassLoader@6f94fa3e 
Loaded from file:/C:/Program%20Files/Java/jdk1.8.0_111/db/lib/derby.jar
java.vendor=Oracle Corporation
java.runtime.version=1.8.0_111-b14
user.dir=C:\Program Files\Java\jdk1.8.0_111\db
os.name=Windows 10
os.arch=amd64
os.version=10.0
derby.system.home=C:\Users\kimia\Documents\NetBeansProjects\StadiumBookingSystem\SBSDatabaseFiles
Database Class Loader started - derby.database.classpath=''
----------------------------------------------------------------
Fri Sep 24 21:53:12 BST 2021:
Shutting down instance a816c00e-017c-1995-56af-00003bec569f on database directory C:\Users\kimia\Documents\NetBeansProjects\StadiumBookingSystem\SBSDatabaseFiles\SBSDatabase with class loader sun.misc.Launcher$AppClassLoader@6f94fa3e 
Fri Sep 24 21:53:12 BST 2021 Thread[DRDAConnThread_3,5,main] (DATABASE = SBSDatabase), (DRDAID = {2}), Database 'SBSDatabase' shutdown.
----------------------------------------------------------------
Fri Sep 24 21:55:02 BST 2021:
Booting Derby version The Apache Software Foundation - Apache Derby - 10.11.1.2 - (1629631): instance a65c80ac-017c-1995-56af-00003bec569f 
on database directory C:\Users\kimia\Documents\NetBeansProjects\StadiumBookingSystem\SBSDatabaseFiles\SBSDatabase with class loader sun.misc.Launcher$AppClassLoader@6f94fa3e 
Loaded from file:/C:/Program%20Files/Java/jdk1.8.0_111/db/lib/derby.jar
java.vendor=Oracle Corporation
java.runtime.version=1.8.0_111-b14
user.dir=C:\Program Files\Java\jdk1.8.0_111\db
os.name=Windows 10
os.arch=amd64
os.version=10.0
derby.system.home=C:\Users\kimia\Documents\NetBeansProjects\StadiumBookingSystem\SBSDatabaseFiles
Database Class Loader started - derby.database.classpath=''
